03/04/2006 11:18 - Fichier consignes.dat absent
03/04/2006 11:18 - Fichier consignes.dat recréé
03/04/2006 11:18 - Fichier evenements.dat absent
03/04/2006 11:18 - Fichier evenements.dat recréé
03/04/2006 11:19 - pH trop bas
03/04/2006 11:19 - pH trop bas
03/04/2006 11:35 - Fichier consignes.dat absent
03/04/2006 11:35 - Fichier consignes.dat recréé
03/04/2006 11:35 - Fichier evenements.dat absent
03/04/2006 11:35 - Fichier evenements.dat recréé
03/04/2006 11:35 - pH trop bas
05/04/2006 09:34 - pH trop bas
05/04/2006 09:34 - pH trop bas
05/04/2006 09:34 - Niveau trop bas
05/04/2006 09:34 - Température trop haute
05/04/2006 09:34 - pH trop bas
05/04/2006 09:34 - pH trop bas
05/04/2006 09:35 - Niveau trop bas
05/04/2006 09:35 - pH trop bas
05/04/2006 09:35 - Température trop haute
05/04/2006 09:35 - pH trop bas
05/04/2006 09:43 - pH trop bas
05/04/2006 14:08 - pH trop bas
05/04/2006 14:08 - pH trop bas
05/04/2006 14:08 - Niveau trop bas
05/04/2006 14:08 - Température trop haute
05/04/2006 14:08 - pH trop bas
05/04/2006 14:09 - pH trop bas
05/04/2006 14:09 - Niveau trop bas
05/04/2006 14:09 - pH trop bas
05/04/2006 14:09 - Température trop haute
05/04/2006 14:09 - pH trop bas
05/04/2006 14:10 - pH trop bas
05/04/2006 14:10 - Température trop haute
05/04/2006 14:10 - pH trop bas
05/04/2006 14:10 - pH trop bas
05/04/2006 14:10 - pH trop bas
05/04/2006 14:11 - pH trop bas
05/04/2006 14:11 - pH trop bas
05/04/2006 14:11 - pH trop bas
05/04/2006 14:11 - pH trop bas
05/04/2006 14:12 - pH trop bas
05/04/2006 14:12 - pH trop bas
05/04/2006 14:12 - pH trop bas
05/04/2006 14:12 - pH trop bas
05/04/2006 14:13 - pH trop bas
05/04/2006 14:13 - pH trop bas
05/04/2006 14:13 - pH trop bas
05/04/2006 14:13 - pH trop bas
05/04/2006 14:14 - pH trop bas
05/04/2006 14:14 - pH trop bas
05/04/2006 14:14 - pH trop bas
05/04/2006 14:15 - pH trop bas
05/04/2006 14:15 - pH trop bas
05/04/2006 14:15 - pH trop bas
05/04/2006 14:15 - pH trop bas
05/04/2006 14:16 - pH trop bas
05/04/2006 14:16 - pH trop bas
05/04/2006 14:16 - pH trop bas
05/04/2006 14:16 - pH trop bas
05/04/2006 14:17 - pH trop bas
05/04/2006 14:17 - pH trop bas
05/04/2006 14:17 - pH trop bas
05/04/2006 14:17 - pH trop bas
05/04/2006 14:17 - Niveau trop bas
05/04/2006 14:18 - pH trop bas
05/04/2006 14:18 - pH trop bas
05/04/2006 14:18 - Température trop haute
05/04/2006 14:18 - Niveau trop bas
05/04/2006 14:18 - pH trop bas
05/04/2006 14:18 - pH trop bas
05/04/2006 14:19 - pH trop bas
05/04/2006 14:19 - Température trop haute
05/04/2006 14:19 - Niveau trop bas
05/04/2006 14:19 - pH trop bas
05/04/2006 14:19 - pH trop bas
05/04/2006 14:19 - Température trop haute
05/04/2006 14:19 - pH trop bas
05/04/2006 14:20 - pH trop bas
05/04/2006 14:20 - pH trop bas
05/04/2006 14:20 - Température trop basse
05/04/2006 14:20 - pH trop bas
05/04/2006 14:20 - pH trop bas
05/04/2006 14:21 - Température trop basse
05/04/2006 14:21 - pH trop bas
05/04/2006 14:21 - pH trop bas
05/04/2006 14:21 - pH trop bas
05/04/2006 14:21 - Température trop basse
05/04/2006 14:22 - pH trop bas
05/04/2006 14:22 - pH trop bas
05/04/2006 14:22 - Température trop haute
05/04/2006 14:22 - pH trop bas
05/04/2006 14:22 - pH trop bas
05/04/2006 14:23 - pH trop bas
05/04/2006 14:23 - Température trop haute
05/04/2006 14:23 - pH trop bas
05/04/2006 14:23 - pH trop bas
05/04/2006 14:23 - pH trop bas
05/04/2006 14:24 - pH trop bas
05/04/2006 14:24 - pH trop bas
05/04/2006 14:24 - pH trop bas
05/04/2006 14:24 - pH trop bas
05/04/2006 14:25 - pH trop bas
05/04/2006 14:25 - pH trop bas
05/04/2006 14:25 - pH trop bas
05/04/2006 14:25 - pH trop bas
05/04/2006 14:26 - pH trop bas
05/04/2006 14:26 - pH trop bas
05/04/2006 14:26 - Température trop basse
05/04/2006 14:26 - pH trop bas
05/04/2006 14:27 - pH trop bas
05/04/2006 14:27 - pH trop bas
05/04/2006 14:27 - Température trop basse
05/04/2006 14:27 - pH trop bas
05/04/2006 14:27 - Niveau trop bas
05/04/2006 14:27 - pH trop bas
05/04/2006 14:28 - Température trop basse
05/04/2006 14:28 - pH trop bas
05/04/2006 14:28 - pH trop bas
05/04/2006 14:28 - Niveau trop bas
05/04/2006 14:28 - pH trop bas
05/04/2006 14:28 - pH trop bas
05/04/2006 14:29 - Niveau trop bas
05/04/2006 14:29 - pH trop bas
05/04/2006 14:29 - pH trop bas
05/04/2006 14:29 - Niveau trop bas
05/04/2006 14:29 - pH trop bas
05/04/2006 14:29 - pH trop bas
05/04/2006 14:30 - pH trop bas
05/04/2006 14:30 - Niveau trop bas
05/04/2006 14:30 - pH trop bas
05/04/2006 14:30 - pH trop bas
05/04/2006 14:30 - Température trop basse
05/04/2006 14:30 - Niveau trop bas
05/04/2006 14:30 - pH trop bas
05/04/2006 14:31 - pH trop bas
05/04/2006 14:31 - Température trop basse
05/04/2006 14:31 - Niveau trop bas
05/04/2006 14:31 - pH trop bas
05/04/2006 14:31 - pH trop bas
05/04/2006 14:32 - pH trop bas
05/04/2006 14:32 - Niveau trop bas
05/04/2006 14:32 - pH trop bas
05/04/2006 14:32 - pH trop bas
05/04/2006 14:32 - Niveau trop bas
05/04/2006 14:32 - pH trop bas
05/04/2006 14:33 - pH trop bas
05/04/2006 14:33 - pH trop bas
05/04/2006 14:33 - Niveau trop bas
05/04/2006 14:33 - pH trop bas
05/04/2006 14:33 - pH trop bas
05/04/2006 14:33 - Niveau trop bas
05/04/2006 14:34 - pH trop bas
05/04/2006 14:34 - Température trop basse
05/04/2006 14:34 - pH trop bas
05/04/2006 14:34 - Niveau trop bas
05/04/2006 14:34 - pH trop bas
05/04/2006 14:34 - pH trop bas
05/04/2006 14:35 - pH trop bas
05/04/2006 14:35 - Niveau trop bas
05/04/2006 14:35 - pH trop bas
05/04/2006 14:35 - pH trop bas
05/04/2006 14:35 - pH trop bas
05/04/2006 14:56 - Fichier consignes.dat absent
05/04/2006 14:56 - Fichier consignes.dat recréé
05/04/2006 14:57 - pH trop bas
